<?xml version="1.0" encoding="UTF-8"?>
<testng-results skipped="0" failed="0" ignored="0" total="1" passed="1">
  <reporter-output>
  </reporter-output>
  <suite name="Default suite" duration-ms="1383" started-at="2019-07-23T03:11:26Z" finished-at="2019-07-23T03:11:27Z">
    <groups>
    </groups>
    <test name="Default test" duration-ms="1383" started-at="2019-07-23T03:11:26Z" finished-at="2019-07-23T03:11:27Z">
      <class name="API.REST.PostRequestTest">
        <test-method status="PASS" signature="postApi()[pri:0, instance:API.REST.PostRequestTest@8bd1b6a]" name="postApi" duration-ms="1364" started-at="2019-07-23T03:11:26Z" finished-at="2019-07-23T03:11:27Z">
          <reporter-output>
          </reporter-output>
        </test-method> <!-- postApi -->
      </class> <!-- API.REST.PostRequestTest -->
    </test> <!-- Default test -->
  </suite> <!-- Default suite -->
</testng-results>
